Ignoring darkdetect: markers 'sys_platform == "darwin"' don't match your environment
Collecting PySide6-Essentials (from -r .\requirements.txt (line 1))
  Using cached PySide6_Essentials-6.7.0-cp39-abi3-win_amd64.whl.metadata (3.8 kB)
Collecting qdarkstyle (from -r .\requirements.txt (line 2))
  Using cached QDarkStyle-3.2.3-py2.py3-none-any.whl.metadata (3.2 kB)
Collecting Xray-core (from -r .\requirements.txt (line 3))
  Using cached Xray-core-1.8.11.tar.gz (864 kB)
  Installing build dependencies ... done
  Getting requirements to build wheel ... done
  Installing backend dependencies ... done
  Preparing metadata (pyproject.toml) ... done
Collecting hysteria>1.3.5 (from -r .\requirements.txt (line 4))
  Using cached hysteria-1.3.5.1.tar.gz (740 kB)
  Installing build dependencies ... done
  Getting requirements to build wheel ... done
  Installing backend dependencies ... done
  Preparing metadata (pyproject.toml) ... done
Collecting hysteria2>2.0.0 (from -r .\requirements.txt (line 5))
  Using cached hysteria2-2.4.3.tar.gz (4.6 MB)
  Installing build dependencies ... done
  Getting requirements to build wheel ... done
  Installing backend dependencies ... done
  Preparing metadata (pyproject.toml) ... done
Collecting tun2socks>2.5.1 (from -r .\requirements.txt (line 6))
  Using cached tun2socks-2.5.2.1.tar.gz (597 kB)
  Installing build dependencies ... done
  Getting requirements to build wheel ... done
  Installing backend dependencies ... done
  Preparing metadata (pyproject.toml) ... done
Collecting ujson (from -r .\requirements.txt (line 7))
  Using cached ujson-5.9.0-cp311-cp311-win_amd64.whl.metadata (8.9 kB)
Collecting pybase64 (from -r .\requirements.txt (line 8))
  Using cached pybase64-1.3.2-cp311-cp311-win_amd64.whl.metadata (8.2 kB)
Collecting pyqrcode (from -r .\requirements.txt (line 9))
  Using cached PyQRCode-1.2.1-py3-none-any.whl
Collecting pypng (from -r .\requirements.txt (line 10))
  Using cached pypng-0.20220715.0-py3-none-any.whl.metadata (13 kB)
Collecting icmplib (from -r .\requirements.txt (line 11))
  Using cached icmplib-3.0.4-py3-none-any.whl.metadata (19 kB)
Collecting sysproxy (from -r .\requirements.txt (line 12))
  Using cached sysproxy-0.1.3-cp311-cp311-win_amd64.whl.metadata (2.6 kB)
Collecting darkdetect (from -r .\requirements.txt (line 13))
  Using cached darkdetect-0.8.0-py3-none-any.whl.metadata (3.6 kB)
Collecting shiboken6==6.7.0 (from PySide6-Essentials->-r .\requirements.txt (line 1))
  Using cached shiboken6-6.7.0-cp39-abi3-win_amd64.whl.metadata (2.6 kB)
Collecting qtpy>=2 (from qdarkstyle->-r .\requirements.txt (line 2))
  Using cached QtPy-2.4.1-py3-none-any.whl.metadata (12 kB)
Collecting pybind11 (from sysproxy->-r .\requirements.txt (line 12))
  Using cached pybind11-2.12.0-py3-none-any.whl.metadata (9.5 kB)
Collecting packaging (from qtpy>=2->qdarkstyle->-r .\requirements.txt (line 2))
  Using cached packaging-24.0-py3-none-any.whl.metadata (3.2 kB)
Using cached PySide6_Essentials-6.7.0-cp39-abi3-win_amd64.whl (78.7 MB)
Using cached shiboken6-6.7.0-cp39-abi3-win_amd64.whl (1.1 MB)
Using cached QDarkStyle-3.2.3-py2.py3-none-any.whl (871 kB)
Using cached ujson-5.9.0-cp311-cp311-win_amd64.whl (41 kB)
Using cached pybase64-1.3.2-cp311-cp311-win_amd64.whl (34 kB)
Using cached pypng-0.20220715.0-py3-none-any.whl (58 kB)
Using cached icmplib-3.0.4-py3-none-any.whl (30 kB)
Using cached sysproxy-0.1.3-cp311-cp311-win_amd64.whl (56 kB)
Using cached darkdetect-0.8.0-py3-none-any.whl (9.0 kB)
Using cached QtPy-2.4.1-py3-none-any.whl (93 kB)
Using cached pybind11-2.12.0-py3-none-any.whl (234 kB)
Using cached packaging-24.0-py3-none-any.whl (53 kB)
Building wheels for collected packages: Xray-core, hysteria, hysteria2, tun2socks
  Building wheel for Xray-core (pyproject.toml) ... error
  error: subprocess-exited-with-error

  × Building wheel for Xray-core (pyproject.toml) did not run successfully.
  │ exit code: 1
  ╰─> [67 lines of output]
      running bdist_wheel
      running build
      running build_py
      creating build
      creating build\lib
      creating build\lib\xray
      copying xray\__init__.py -> build\lib\xray
      running egg_info
      writing Xray_core.egg-info\PKG-INFO
      writing dependency_links to Xray_core.egg-info\dependency_links.txt
      writing top-level names to Xray_core.egg-info\top_level.txt
      reading manifest file 'Xray_core.egg-info\SOURCES.txt'
      reading manifest template 'MANIFEST.in'
      warning: no files found matching 'xray.*' under directory 'xray'
      adding license file 'LICENSE'
      writing manifest file 'Xray_core.egg-info\SOURCES.txt'
      installing to build\bdist.win-amd64\wheel
      running install
      # github.com/xtls/xray-core/main
      main\main.go:17:4: undefined: cmdRun
      Traceback (most recent call last):
        File "C:\Users\Aleksandr\AppData\Local\Programs\Python\Python311\Lib\site-packages\pip\_vendor\pyproject_hooks\_in_process\_in_process.py", line 353, in <module>
          main()
        File "C:\Users\Aleksandr\AppData\Local\Programs\Python\Python311\Lib\site-packages\pip\_vendor\pyproject_hooks\_in_process\_in_process.py", line 335, in main
          json_out['return_val'] = hook(**hook_input['kwargs'])
                                   ^^^^^^^^^^^^^^^^^^^^^^^^^^^^
        File "C:\Users\Aleksandr\AppData\Local\Programs\Python\Python311\Lib\site-packages\pip\_vendor\pyproject_hooks\_in_process\_in_process.py", line 251, in build_wheel
          return _build_backend().build_wheel(wheel_directory, config_settings,
                 ^^^^^^^^^^^^^^^^^^^^^^^^^^^^^^^^^^^^^^^^^^^^^^^^^^^^^^^^^^^^^^
        File "G:\TEMP\pip-build-env-yhh16gif\overlay\Lib\site-packages\setuptools\build_meta.py", line 410, in build_wheel
          return self._build_with_temp_dir(
                 ^^^^^^^^^^^^^^^^^^^^^^^^^^
        File "G:\TEMP\pip-build-env-yhh16gif\overlay\Lib\site-packages\setuptools\build_meta.py", line 395, in _build_with_temp_dir
          self.run_setup()
        File "G:\TEMP\pip-build-env-yhh16gif\overlay\Lib\site-packages\setuptools\build_meta.py", line 487, in run_setup
          super().run_setup(setup_script=setup_script)
        File "G:\TEMP\pip-build-env-yhh16gif\overlay\Lib\site-packages\setuptools\build_meta.py", line 311, in run_setup
          exec(code, locals())
        File "<string>", line 82, in <module>
        File "G:\TEMP\pip-build-env-yhh16gif\overlay\Lib\site-packages\setuptools\__init__.py", line 104, in setup
          return distutils.core.setup(**attrs)
                 ^^^^^^^^^^^^^^^^^^^^^^^^^^^^^
        File "G:\TEMP\pip-build-env-yhh16gif\overlay\Lib\site-packages\setuptools\_distutils\core.py", line 184, in setup
          return run_commands(dist)
                 ^^^^^^^^^^^^^^^^^^
        File "G:\TEMP\pip-build-env-yhh16gif\overlay\Lib\site-packages\setuptools\_distutils\core.py", line 200, in run_commands
          dist.run_commands()
        File "G:\TEMP\pip-build-env-yhh16gif\overlay\Lib\site-packages\setuptools\_distutils\dist.py", line 969, in run_commands
          self.run_command(cmd)
        File "G:\TEMP\pip-build-env-yhh16gif\overlay\Lib\site-packages\setuptools\dist.py", line 967, in run_command
          super().run_command(command)
        File "G:\TEMP\pip-build-env-yhh16gif\overlay\Lib\site-packages\setuptools\_distutils\dist.py", line 988, in run_command
          cmd_obj.run()
        File "G:\TEMP\pip-build-env-yhh16gif\normal\Lib\site-packages\wheel\bdist_wheel.py", line 403, in run
          self.run_command("install")
        File "G:\TEMP\pip-build-env-yhh16gif\overlay\Lib\site-packages\setuptools\_distutils\cmd.py", line 316, in run_command
          self.distribution.run_command(command)
        File "G:\TEMP\pip-build-env-yhh16gif\overlay\Lib\site-packages\setuptools\dist.py", line 967, in run_command
          super().run_command(command)
        File "G:\TEMP\pip-build-env-yhh16gif\overlay\Lib\site-packages\setuptools\_distutils\dist.py", line 988, in run_command
          cmd_obj.run()
        File "<string>", line 72, in run
        File "<string>", line 27, in buildXrayCore
        File "<string>", line 21, in runCommand
        File "C:\Users\Aleksandr\AppData\Local\Programs\Python\Python311\Lib\subprocess.py", line 569, in run
          raise CalledProcessError(retcode, process.args,
      subprocess.CalledProcessError: Command '['go', 'build', '-C', 'xray-go', '-o', 'G:\\TEMP\\pip-install-pcvdxquw\\xray-core_ec6e0fdf623f4157b329bf172ca4f63f\\gobuild\\xray.lib', '-buildmode=c-archive', '-trimpath', '-ldflags', '-s -w -buildid=', './main']' returned non-zero exit status 1.
      [end of output]

  note: This error originates from a subprocess, and is likely not a problem with pip.
  ERROR: Failed building wheel for Xray-core
  Building wheel for hysteria (pyproject.toml) ... error
  error: subprocess-exited-with-error

  × Building wheel for hysteria (pyproject.toml) did not run successfully.
  │ exit code: 1
  ╰─> [67 lines of output]
      running bdist_wheel
      running build
      running build_py
      creating build
      creating build\lib
      creating build\lib\hysteria
      copying hysteria\__init__.py -> build\lib\hysteria
      running egg_info
      writing hysteria.egg-info\PKG-INFO
      writing dependency_links to hysteria.egg-info\dependency_links.txt
      writing top-level names to hysteria.egg-info\top_level.txt
      reading manifest file 'hysteria.egg-info\SOURCES.txt'
      reading manifest template 'MANIFEST.in'
      warning: no files found matching 'hysteria.*' under directory 'hysteria'
      adding license file 'LICENSE'
      writing manifest file 'hysteria.egg-info\SOURCES.txt'
      installing to build\bdist.win-amd64\wheel
      running install
      # github.com/quic-go/quic-go/internal/qtls
      C:\Users\Aleksandr\go\pkg\mod\github.com\apernet\quic-go@v0.34.1-0.20230507231629-ec008b7e8473\internal\qtls\go121.go:5:13: cannot use "The version of quic-go you're using can't be built on Go 1.21 yet. For more details, please see https://github.com/quic-go/quic-go/wiki/quic-go-and-Go-versions." (untyped string constant "The version of quic-go you're using can't be built on Go 1.21 yet. F...) as int value in variable declaration
      Traceback (most recent call last):
        File "C:\Users\Aleksandr\AppData\Local\Programs\Python\Python311\Lib\site-packages\pip\_vendor\pyproject_hooks\_in_process\_in_process.py", line 353, in <module>
          main()
        File "C:\Users\Aleksandr\AppData\Local\Programs\Python\Python311\Lib\site-packages\pip\_vendor\pyproject_hooks\_in_process\_in_process.py", line 335, in main
          json_out['return_val'] = hook(**hook_input['kwargs'])
                                   ^^^^^^^^^^^^^^^^^^^^^^^^^^^^
        File "C:\Users\Aleksandr\AppData\Local\Programs\Python\Python311\Lib\site-packages\pip\_vendor\pyproject_hooks\_in_process\_in_process.py", line 251, in build_wheel
          return _build_backend().build_wheel(wheel_directory, config_settings,
                 ^^^^^^^^^^^^^^^^^^^^^^^^^^^^^^^^^^^^^^^^^^^^^^^^^^^^^^^^^^^^^^
        File "G:\TEMP\pip-build-env-255kjg9j\overlay\Lib\site-packages\setuptools\build_meta.py", line 410, in build_wheel
          return self._build_with_temp_dir(
                 ^^^^^^^^^^^^^^^^^^^^^^^^^^
        File "G:\TEMP\pip-build-env-255kjg9j\overlay\Lib\site-packages\setuptools\build_meta.py", line 395, in _build_with_temp_dir
          self.run_setup()
        File "G:\TEMP\pip-build-env-255kjg9j\overlay\Lib\site-packages\setuptools\build_meta.py", line 487, in run_setup
          super().run_setup(setup_script=setup_script)
        File "G:\TEMP\pip-build-env-255kjg9j\overlay\Lib\site-packages\setuptools\build_meta.py", line 311, in run_setup
          exec(code, locals())
        File "<string>", line 84, in <module>
        File "G:\TEMP\pip-build-env-255kjg9j\overlay\Lib\site-packages\setuptools\__init__.py", line 104, in setup
          return distutils.core.setup(**attrs)
                 ^^^^^^^^^^^^^^^^^^^^^^^^^^^^^
        File "G:\TEMP\pip-build-env-255kjg9j\overlay\Lib\site-packages\setuptools\_distutils\core.py", line 184, in setup
          return run_commands(dist)
                 ^^^^^^^^^^^^^^^^^^
        File "G:\TEMP\pip-build-env-255kjg9j\overlay\Lib\site-packages\setuptools\_distutils\core.py", line 200, in run_commands
          dist.run_commands()
        File "G:\TEMP\pip-build-env-255kjg9j\overlay\Lib\site-packages\setuptools\_distutils\dist.py", line 969, in run_commands
          self.run_command(cmd)
        File "G:\TEMP\pip-build-env-255kjg9j\overlay\Lib\site-packages\setuptools\dist.py", line 967, in run_command
          super().run_command(command)
        File "G:\TEMP\pip-build-env-255kjg9j\overlay\Lib\site-packages\setuptools\_distutils\dist.py", line 988, in run_command
          cmd_obj.run()
        File "G:\TEMP\pip-build-env-255kjg9j\normal\Lib\site-packages\wheel\bdist_wheel.py", line 403, in run
          self.run_command("install")
        File "G:\TEMP\pip-build-env-255kjg9j\overlay\Lib\site-packages\setuptools\_distutils\cmd.py", line 316, in run_command
          self.distribution.run_command(command)
        File "G:\TEMP\pip-build-env-255kjg9j\overlay\Lib\site-packages\setuptools\dist.py", line 967, in run_command
          super().run_command(command)
        File "G:\TEMP\pip-build-env-255kjg9j\overlay\Lib\site-packages\setuptools\_distutils\dist.py", line 988, in run_command
          cmd_obj.run()
        File "<string>", line 74, in run
        File "<string>", line 29, in buildHysteria
        File "<string>", line 23, in runCommand
        File "C:\Users\Aleksandr\AppData\Local\Programs\Python\Python311\Lib\subprocess.py", line 569, in run
          raise CalledProcessError(retcode, process.args,
      subprocess.CalledProcessError: Command '['go', 'build', '-C', 'hysteria-go', '-o', 'G:\\TEMP\\pip-install-pcvdxquw\\hysteria_891a7156d36c48d1bf2caada06ff795e\\gobuild\\hysteria.lib', '-buildmode=c-archive', '-trimpath', '-ldflags', '-s -w -buildid=', './app/cmd']' returned non-zero exit status 1.
      [end of output]

  note: This error originates from a subprocess, and is likely not a problem with pip.
  ERROR: Failed building wheel for hysteria
  Building wheel for hysteria2 (pyproject.toml) ... error
  error: subprocess-exited-with-error

  × Building wheel for hysteria2 (pyproject.toml) did not run successfully.
  │ exit code: 1
  ╰─> [66 lines of output]
      running bdist_wheel
      running build
      running build_py
      creating build
      creating build\lib
      creating build\lib\hysteria2
      copying hysteria2\__init__.py -> build\lib\hysteria2
      running egg_info
      writing hysteria2.egg-info\PKG-INFO
      writing dependency_links to hysteria2.egg-info\dependency_links.txt
      writing top-level names to hysteria2.egg-info\top_level.txt
      reading manifest file 'hysteria2.egg-info\SOURCES.txt'
      reading manifest template 'MANIFEST.in'
      warning: no files found matching 'hysteria2.*' under directory 'hysteria2'
      adding license file 'LICENSE'
      writing manifest file 'hysteria2.egg-info\SOURCES.txt'
      installing to build\bdist.win-amd64\wheel
      running install
      package github.com/apernet/hysteria/app: build constraints exclude all Go files in G:\TEMP\pip-install-pcvdxquw\hysteria2_9630c970e3914cffbb1869878afc0d55\hysteria2-go\app
      Traceback (most recent call last):
        File "C:\Users\Aleksandr\AppData\Local\Programs\Python\Python311\Lib\site-packages\pip\_vendor\pyproject_hooks\_in_process\_in_process.py", line 353, in <module>
          main()
        File "C:\Users\Aleksandr\AppData\Local\Programs\Python\Python311\Lib\site-packages\pip\_vendor\pyproject_hooks\_in_process\_in_process.py", line 335, in main
          json_out['return_val'] = hook(**hook_input['kwargs'])
                                   ^^^^^^^^^^^^^^^^^^^^^^^^^^^^
        File "C:\Users\Aleksandr\AppData\Local\Programs\Python\Python311\Lib\site-packages\pip\_vendor\pyproject_hooks\_in_process\_in_process.py", line 251, in build_wheel
          return _build_backend().build_wheel(wheel_directory, config_settings,
                 ^^^^^^^^^^^^^^^^^^^^^^^^^^^^^^^^^^^^^^^^^^^^^^^^^^^^^^^^^^^^^^
        File "G:\TEMP\pip-build-env-ude7dvrt\overlay\Lib\site-packages\setuptools\build_meta.py", line 410, in build_wheel
          return self._build_with_temp_dir(
                 ^^^^^^^^^^^^^^^^^^^^^^^^^^
        File "G:\TEMP\pip-build-env-ude7dvrt\overlay\Lib\site-packages\setuptools\build_meta.py", line 395, in _build_with_temp_dir
          self.run_setup()
        File "G:\TEMP\pip-build-env-ude7dvrt\overlay\Lib\site-packages\setuptools\build_meta.py", line 487, in run_setup
          super().run_setup(setup_script=setup_script)
        File "G:\TEMP\pip-build-env-ude7dvrt\overlay\Lib\site-packages\setuptools\build_meta.py", line 311, in run_setup
          exec(code, locals())
        File "<string>", line 82, in <module>
        File "G:\TEMP\pip-build-env-ude7dvrt\overlay\Lib\site-packages\setuptools\__init__.py", line 104, in setup
          return distutils.core.setup(**attrs)
                 ^^^^^^^^^^^^^^^^^^^^^^^^^^^^^
        File "G:\TEMP\pip-build-env-ude7dvrt\overlay\Lib\site-packages\setuptools\_distutils\core.py", line 184, in setup
          return run_commands(dist)
                 ^^^^^^^^^^^^^^^^^^
        File "G:\TEMP\pip-build-env-ude7dvrt\overlay\Lib\site-packages\setuptools\_distutils\core.py", line 200, in run_commands
          dist.run_commands()
        File "G:\TEMP\pip-build-env-ude7dvrt\overlay\Lib\site-packages\setuptools\_distutils\dist.py", line 969, in run_commands
          self.run_command(cmd)
        File "G:\TEMP\pip-build-env-ude7dvrt\overlay\Lib\site-packages\setuptools\dist.py", line 967, in run_command
          super().run_command(command)
        File "G:\TEMP\pip-build-env-ude7dvrt\overlay\Lib\site-packages\setuptools\_distutils\dist.py", line 988, in run_command
          cmd_obj.run()
        File "G:\TEMP\pip-build-env-ude7dvrt\normal\Lib\site-packages\wheel\bdist_wheel.py", line 403, in run
          self.run_command("install")
        File "G:\TEMP\pip-build-env-ude7dvrt\overlay\Lib\site-packages\setuptools\_distutils\cmd.py", line 316, in run_command
          self.distribution.run_command(command)
        File "G:\TEMP\pip-build-env-ude7dvrt\overlay\Lib\site-packages\setuptools\dist.py", line 967, in run_command
          super().run_command(command)
        File "G:\TEMP\pip-build-env-ude7dvrt\overlay\Lib\site-packages\setuptools\_distutils\dist.py", line 988, in run_command
          cmd_obj.run()
        File "<string>", line 72, in run
        File "<string>", line 27, in buildHysteria
        File "<string>", line 21, in runCommand
        File "C:\Users\Aleksandr\AppData\Local\Programs\Python\Python311\Lib\subprocess.py", line 569, in run
          raise CalledProcessError(retcode, process.args,
      subprocess.CalledProcessError: Command '['go', 'build', '-C', 'hysteria2-go', '-o', 'G:\\TEMP\\pip-install-pcvdxquw\\hysteria2_9630c970e3914cffbb1869878afc0d55\\gobuild\\hysteria2.lib', '-buildmode=c-archive', '-trimpath', '-ldflags', '-s -w -buildid=', './app']' returned non-zero exit status 1.
      [end of output]

  note: This error originates from a subprocess, and is likely not a problem with pip.
  ERROR: Failed building wheel for hysteria2
  Building wheel for tun2socks (pyproject.toml) ... error
  error: subprocess-exited-with-error

  × Building wheel for tun2socks (pyproject.toml) did not run successfully.
  │ exit code: 1
  ╰─> [66 lines of output]
      running bdist_wheel
      running build
      running build_py
      creating build
      creating build\lib
      creating build\lib\tun2socks
      copying tun2socks\__init__.py -> build\lib\tun2socks
      running egg_info
      writing tun2socks.egg-info\PKG-INFO
      writing dependency_links to tun2socks.egg-info\dependency_links.txt
      writing top-level names to tun2socks.egg-info\top_level.txt
      reading manifest file 'tun2socks.egg-info\SOURCES.txt'
      reading manifest template 'MANIFEST.in'
      warning: no files found matching 'tun2socks.*' under directory 'tun2socks'
      adding license file 'LICENSE'
      writing manifest file 'tun2socks.egg-info\SOURCES.txt'
      installing to build\bdist.win-amd64\wheel
      running install
      package github.com/xjasonlyu/tun2socks/v2: build constraints exclude all Go files in G:\TEMP\pip-install-pcvdxquw\tun2socks_11c2b8039fd94cdab0463c07378fa84b\tun2socks-go
      Traceback (most recent call last):
        File "C:\Users\Aleksandr\AppData\Local\Programs\Python\Python311\Lib\site-packages\pip\_vendor\pyproject_hooks\_in_process\_in_process.py", line 353, in <module>
          main()
        File "C:\Users\Aleksandr\AppData\Local\Programs\Python\Python311\Lib\site-packages\pip\_vendor\pyproject_hooks\_in_process\_in_process.py", line 335, in main
          json_out['return_val'] = hook(**hook_input['kwargs'])
                                   ^^^^^^^^^^^^^^^^^^^^^^^^^^^^
        File "C:\Users\Aleksandr\AppData\Local\Programs\Python\Python311\Lib\site-packages\pip\_vendor\pyproject_hooks\_in_process\_in_process.py", line 251, in build_wheel
          return _build_backend().build_wheel(wheel_directory, config_settings,
                 ^^^^^^^^^^^^^^^^^^^^^^^^^^^^^^^^^^^^^^^^^^^^^^^^^^^^^^^^^^^^^^
        File "G:\TEMP\pip-build-env-g3gjhrim\overlay\Lib\site-packages\setuptools\build_meta.py", line 410, in build_wheel
          return self._build_with_temp_dir(
                 ^^^^^^^^^^^^^^^^^^^^^^^^^^
        File "G:\TEMP\pip-build-env-g3gjhrim\overlay\Lib\site-packages\setuptools\build_meta.py", line 395, in _build_with_temp_dir
          self.run_setup()
        File "G:\TEMP\pip-build-env-g3gjhrim\overlay\Lib\site-packages\setuptools\build_meta.py", line 487, in run_setup
          super().run_setup(setup_script=setup_script)
        File "G:\TEMP\pip-build-env-g3gjhrim\overlay\Lib\site-packages\setuptools\build_meta.py", line 311, in run_setup
          exec(code, locals())
        File "<string>", line 77, in <module>
        File "G:\TEMP\pip-build-env-g3gjhrim\overlay\Lib\site-packages\setuptools\__init__.py", line 104, in setup
          return distutils.core.setup(**attrs)
                 ^^^^^^^^^^^^^^^^^^^^^^^^^^^^^
        File "G:\TEMP\pip-build-env-g3gjhrim\overlay\Lib\site-packages\setuptools\_distutils\core.py", line 184, in setup
          return run_commands(dist)
                 ^^^^^^^^^^^^^^^^^^
        File "G:\TEMP\pip-build-env-g3gjhrim\overlay\Lib\site-packages\setuptools\_distutils\core.py", line 200, in run_commands
          dist.run_commands()
        File "G:\TEMP\pip-build-env-g3gjhrim\overlay\Lib\site-packages\setuptools\_distutils\dist.py", line 969, in run_commands
          self.run_command(cmd)
        File "G:\TEMP\pip-build-env-g3gjhrim\overlay\Lib\site-packages\setuptools\dist.py", line 967, in run_command
          super().run_command(command)
        File "G:\TEMP\pip-build-env-g3gjhrim\overlay\Lib\site-packages\setuptools\_distutils\dist.py", line 988, in run_command
          cmd_obj.run()
        File "G:\TEMP\pip-build-env-g3gjhrim\normal\Lib\site-packages\wheel\bdist_wheel.py", line 403, in run
          self.run_command("install")
        File "G:\TEMP\pip-build-env-g3gjhrim\overlay\Lib\site-packages\setuptools\_distutils\cmd.py", line 316, in run_command
          self.distribution.run_command(command)
        File "G:\TEMP\pip-build-env-g3gjhrim\overlay\Lib\site-packages\setuptools\dist.py", line 967, in run_command
          super().run_command(command)
        File "G:\TEMP\pip-build-env-g3gjhrim\overlay\Lib\site-packages\setuptools\_distutils\dist.py", line 988, in run_command
          cmd_obj.run()
        File "<string>", line 67, in run
        File "<string>", line 23, in buildTun2socks
        File "<string>", line 17, in runCommand
        File "C:\Users\Aleksandr\AppData\Local\Programs\Python\Python311\Lib\subprocess.py", line 569, in run
          raise CalledProcessError(retcode, process.args,
      subprocess.CalledProcessError: Command '['go', 'build', '-C', 'tun2socks-go', '-o', 'G:\\TEMP\\pip-install-pcvdxquw\\tun2socks_11c2b8039fd94cdab0463c07378fa84b\\gobuild\\tun2socks.lib', '-buildmode=c-archive', '-trimpath', '-ldflags', '-s -w -buildid=']' returned non-zero exit status 1.
      [end of output]

  note: This error originates from a subprocess, and is likely not a problem with pip.
  ERROR: Failed building wheel for tun2socks
Failed to build Xray-core hysteria hysteria2 tun2socks
ERROR: Could not build wheels for Xray-core, hysteria, hysteria2, tun2socks, which is required to install pyproject.toml-based projects
